<?xml version="1.0" encoding="UTF-8"?>
<!-- Generated by org.testng.reporters.JUnitXMLReporter -->
<testsuite hostname="eprescribe2s-MacBook-Pro.local" name="VerifyZeroStateBudget" tests="1" failures="1" timestamp="30 May 2016 19:09:29 GMT" time="225.59" errors="0">
  <testcase name="testZeroStateBudget" time="198.46" classname="com.qkn.automation.test.android.VerifyZeroStateBudget">
    <failure type="java.lang.NullPointerException">
      <![CDATA[java.lang.NullPointerException
	at com.qkn.automation.test.BaseTest.logFailure(BaseTest.java:316)
	at com.qkn.automation.test.android.VerifyZeroStateBudget.testZeroStateBudget(VerifyZeroStateBudget.java:30)
... Removed 24 stack frames]]>
    </failure>
  </testcase> <!-- testZeroStateBudget -->
</testsuite> <!-- VerifyZeroStateBudget -->
