<?xml version="1.0" encoding="UTF-8"?>
<!-- Generated by org.testng.reporters.JUnitXMLReporter -->
<testsuite hostname="mac-asutrave.local" name="Firsttest1" tests="4" failures="0" timestamp="2 Apr 2016 15:57:06 GMT" time="0.04" errors="0">
  <testcase name="@BeforeTest setup" time="0.0" classname="com.qkn.automation.test.SmokeTestIOS">
    <failure type="java.lang.NullPointerException">
      <![CDATA[java.lang.NullPointerException
	at com.qkn.automation.test.BaseTest.loadProperties(BaseTest.java:313)
	at com.qkn.automation.test.BaseTest.setup(BaseTest.java:108)
... Removed 22 stack frames]]>
    </failure>
  </testcase> <!-- @BeforeTest setup -->
  <testcase name="@AfterMethod logoutAfterTest" time="0.0" classname="com.qkn.automation.test.SmokeTestIOS">
    <skipped/>
  </testcase> <!-- @AfterMethod logoutAfterTest -->
  <testcase name="@AfterMethod logoutAfterTest" time="0.0" classname="com.qkn.automation.test.SmokeTestIOS">
    <skipped/>
  </testcase> <!-- @AfterMethod logoutAfterTest -->
  <testcase name="@AfterMethod logoutAfterTest" time="0.0" classname="com.qkn.automation.test.SmokeTestIOS">
    <skipped/>
  </testcase> <!-- @AfterMethod logoutAfterTest -->
  <testcase name="@AfterMethod logoutAfterTest" time="0.0" classname="com.qkn.automation.test.SmokeTestIOS">
    <skipped/>
  </testcase> <!-- @AfterMethod logoutAfterTest -->
  <testcase name="@AfterTest tearDown" time="0.0" classname="com.qkn.automation.test.SmokeTestIOS">
    <skipped/>
  </testcase> <!-- @AfterTest tearDown -->
  <testcase name="testTrusteLogoios" time="0.001" classname="com.qkn.automation.test.SmokeTestIOS">
    <skipped/>
  </testcase> <!-- testTrusteLogoios -->
  <testcase name="testAddManualTransWithAttachment" time="0.001" classname="com.qkn.automation.test.SmokeTestIOS">
    <skipped/>
  </testcase> <!-- testAddManualTransWithAttachment -->
  <testcase name="testAddManualTransactionWithoutAttachment" time="0.001" classname="com.qkn.automation.test.SmokeTestIOS">
    <skipped/>
  </testcase> <!-- testAddManualTransactionWithoutAttachment -->
  <testcase name="testEndUserLicenceIOS" time="0.001" classname="com.qkn.automation.test.SmokeTestIOS">
    <skipped/>
  </testcase> <!-- testEndUserLicenceIOS -->
</testsuite> <!-- Firsttest1 -->
