<?xml version="1.0" encoding="UTF-8"?>
<testng-results skipped="0" failed="0" total="1" passed="1">
  <reporter-output>
  </reporter-output>
  <suite name="Default suite" duration-ms="62558" started-at="2016-07-08T08:02:11Z" finished-at="2016-07-08T08:03:14Z">
    <groups>
      <group name="android">
        <method signature="LoginVerification.testLoginWithValidCredentails()[pri:1, instance:com.qkn.automation.test.android.LoginVerification@71318ec4]" name="testLoginWithValidCredentails" class="com.qkn.automation.test.android.LoginVerification"/>
      </group> <!-- android -->
    </groups>
    <test name="Default test" duration-ms="62558" started-at="2016-07-08T08:02:11Z" finished-at="2016-07-08T08:03:14Z">
      <class name="com.qkn.automation.test.android.LoginVerification">
        <test-method status="PASS" signature="setup()[pri:0, instance:com.qkn.automation.test.android.LoginVerification@71318ec4]" name="setup" is-config="true" duration-ms="12860" started-at="2016-07-08T13:32:11Z" finished-at="2016-07-08T13:32:24Z">
          <reporter-output>
          </reporter-output>
        </test-method> <!-- setup -->
        <test-method status="PASS" signature="testLoginWithValidCredentails()[pri:1, instance:com.qkn.automation.test.android.LoginVerification@71318ec4]" name="testLoginWithValidCredentails" duration-ms="46576" started-at="2016-07-08T13:32:24Z" finished-at="2016-07-08T13:33:11Z">
          <reporter-output>
          </reporter-output>
        </test-method> <!-- testLoginWithValidCredentails -->
        <test-method status="PASS" signature="tearDown()[pri:0, instance:com.qkn.automation.test.android.LoginVerification@71318ec4]" name="tearDown" is-config="true" duration-ms="3102" started-at="2016-07-08T13:33:11Z" finished-at="2016-07-08T13:33:14Z">
          <reporter-output>
          </reporter-output>
        </test-method> <!-- tearDown -->
      </class> <!-- com.qkn.automation.test.android.LoginVerification -->
    </test> <!-- Default test -->
  </suite> <!-- Default suite -->
</testng-results>
